<?xml version="1.0" encoding="UTF-8"?>
<!-- Generated by org.testng.reporters.JUnitReportReporter -->
<testsuite hostname="DESKTOP-EF0E4F2" failures="0" tests="1" name="testpackage.Homepagetest" time="20.005" errors="0" timestamp="2023-04-08T22:12:51 EDT" skipped="0">
  <testcase classname="testpackage.Homepagetest" name="getussername" time="20.005"/>
  <system-out/>
</testsuite> <!-- testpackage.Homepagetest -->
