<?xml version="1.0" encoding="UTF-8"?>
<!-- Generated by org.testng.reporters.JUnitReportReporter -->
<testsuite hostname="DESKTOP-EF0E4F2" failures="0" tests="4" name="testpackage.Yourorderpage" time="78.056" errors="0" timestamp="2023-04-08T22:58:10 EDT" skipped="0">
  <testcase classname="testpackage.Yourorderpage" name="getusername" time="21.827"/>
  <system-out/>
  <testcase classname="testpackage.Yourorderpage" name="BuyAgain" time="18.833"/>
  <system-out/>
  <testcase classname="testpackage.Yourorderpage" name="NotShipped" time="18.412"/>
  <system-out/>
  <testcase classname="testpackage.Yourorderpage" name="canceloreder" time="18.984"/>
  <system-out/>
</testsuite> <!-- testpackage.Yourorderpage -->
