<?xml version="1.0" encoding="UTF-8"?>
<!-- Generated by org.testng.reporters.JUnitReportReporter -->
<testsuite hostname="DESKTOP-EF0E4F2" failures="0" tests="1" name="testpackage.Registerdpassword" time="9.012" errors="0" timestamp="2023-04-08T15:15:46 EDT" skipped="0">
  <testcase classname="testpackage.Registerdpassword" name="retrivedata" time="9.012"/>
  <system-out/>
</testsuite> <!-- testpackage.Registerdpassword -->
