<?xml version="1.0" encoding="UTF-8"?>
<!-- Generated by org.testng.reporters.JUnitReportReporter -->
<testsuite hostname="DESKTOP-EF0E4F2" failures="0" tests="1" name="testpackage.YourAddressPage" time="13.232" errors="0" timestamp="2023-04-15T18:20:11 EDT" skipped="0">
  <testcase classname="testpackage.YourAddressPage" name="clickonyouraddress" time="13.232"/>
  <system-out/>
</testsuite> <!-- testpackage.YourAddressPage -->
