<?xml version="1.0" encoding="UTF-8"?>
<!-- Generated by org.testng.reporters.JUnitReportReporter -->
<testsuite hostname="DESKTOP-EF0E4F2" failures="0" tests="1" name="testpackage.Registerduserpwd" time="7.318" errors="0" timestamp="2023-04-08T16:12:33 EDT" skipped="0">
  <testcase classname="testpackage.Registerduserpwd" name="retrivepwd" time="7.318"/>
  <system-out/>
</testsuite> <!-- testpackage.Registerduserpwd -->
