<?xml version="1.0" encoding="UTF-8"?>
<!-- Generated by org.testng.reporters.JUnitReportReporter -->
<testsuite hostname="DESKTOP-EF0E4F2" failures="0" tests="2" name="testpackage.Indexpagetest" time="23.969" errors="0" timestamp="2023-04-11T15:11:29 EDT" skipped="0">
  <testcase classname="testpackage.Indexpagetest" name="logintest" time="11.166"/>
  <system-out/>
  <testcase classname="testpackage.Indexpagetest" name="newaccount" time="12.803"/>
  <system-out/>
</testsuite> <!-- testpackage.Indexpagetest -->
