<?xml version="1.0" encoding="UTF-8"?>
<!-- Generated by org.testng.reporters.JUnitReportReporter -->
<testsuite hostname="DESKTOP-EF0E4F2" failures="0" tests="1" name="testpackage.Productsearch" time="7.062" errors="0" timestamp="2023-04-16T16:41:59 EDT" skipped="0">
  <testcase classname="testpackage.Productsearch" name="getProductDetails" time="7.062"/>
  <system-out/>
</testsuite> <!-- testpackage.Productsearch -->
