<?xml version="1.0" encoding="UTF-8"?>
<!-- Generated by org.testng.reporters.JUnitReportReporter -->
<testsuite hostname="DESKTOP-EF0E4F2" failures="0" tests="1" name="testpackage.NewAccountCreation" time="13.052" errors="0" timestamp="2023-04-14T21:48:50 EDT" skipped="0">
  <testcase classname="testpackage.NewAccountCreation" name="accountcreation" time="13.052"/>
  <system-out/>
</testsuite> <!-- testpackage.NewAccountCreation -->
