<?xml version="1.0" encoding="UTF-8"?>
<!-- Generated by org.testng.reporters.JUnitReportReporter -->
<testsuite hostname="DESKTOP-EF0E4F2" failures="0" tests="1" name="testpackage.AddtocartPage" time="17.700" errors="0" timestamp="2023-04-16T16:48:13 EDT" skipped="0">
  <testcase classname="testpackage.AddtocartPage" name="Addtocarttest" time="17.700"/>
  <system-out/>
</testsuite> <!-- testpackage.AddtocartPage -->
